<?xml version="1.0" encoding="UTF-8"?>
<testng-results ignored="0" total="1" passed="1" failed="0" skipped="0">
  <reporter-output>
  </reporter-output>
  <suite started-at="2023-09-22T10:55:15 IST" name="Default suite" finished-at="2023-09-22T10:55:22 IST" duration-ms="7035">
    <groups>
    </groups>
    <test started-at="2023-09-22T10:55:15 IST" name="Default test" finished-at="2023-09-22T10:55:22 IST" duration-ms="7035">
      <class name="Reporting.SampleReportTest">
        <test-method signature="reportingTest()[pri:0, instance:Reporting.SampleReportTest@6340e5f0]" started-at="2023-09-22T10:55:15 IST" name="reportingTest" finished-at="2023-09-22T10:55:22 IST" duration-ms="6979" status="PASS">
          <reporter-output>
          </reporter-output>
        </test-method> <!-- reportingTest -->
      </class> <!-- Reporting.SampleReportTest -->
    </test> <!-- Default test -->
  </suite> <!-- Default suite -->
</testng-results>
